{"name": "test_checkout_without_data", "status": "failed", "statusDetails": {"message": "AssertionError: assert '/checkout-step-two.html' in 'https://www.saucedemo.com/checkout-step-one.html'\n +  where 'https://www.saucedemo.com/checkout-step-one.html' = <Page url='https://www.saucedemo.com/checkout-step-one.html'>.url", "trace": "tests\\test_checkout.py:65: in test_checkout_without_data\n    assert \"/checkout-step-two.html\" in page.url\nE   AssertionError: assert '/checkout-step-two.html' in 'https://www.saucedemo.com/checkout-step-one.html'\nE    +  where 'https://www.saucedemo.com/checkout-step-one.html' = <Page url='https://www.saucedemo.com/checkout-step-one.html'>.url"}, "description": "TC008: Checkout sin datos (validaci√≥n negativa)", "start": 1765640694028, "stop": 1765640695205, "uuid": "b8703a3b-183f-423a-ba32-3aa9bc88afb2", "historyId": "c9201055198eaa6c69fe42d072b94986", "testCaseId": "c9201055198eaa6c69fe42d072b94986", "fullName": "tests.test_checkout.TestCheckout#test_checkout_without_data", "labels": [{"name": "tag", "value": "regression"}, {"name": "parentSuite", "value": "tests"}, {"name": "suite", "value": "test_checkout"}, {"name": "subSuite", "value": "TestCheckout"}, {"name": "host", "value": "ArturDmt"}, {"name": "thread", "value": "19644-MainThread"}, {"name": "framework", "value": "pytest"}, {"name": "language", "value": "cpython3"}, {"name": "package", "value": "tests.test_checkout"}], "titlePath": ["tests", "test_checkout.py", "TestCheckout"]}